SF:lib/ui/main_screen.dart
DA:10,1
DA:12,1
DA:14,1
DA:15,2
DA:16,1
DA:18,0
DA:19,0
DA:23,1
DA:24,1
DA:26,1
DA:32,2
DA:41,2
DA:45,1
DA:47,1
DA:48,1
DA:49,1
DA:50,2
DA:52,1
DA:53,0
DA:54,1
DA:57,1
DA:58,2
DA:59,1
DA:60,1
DA:65,2
DA:67,0
DA:69,1
DA:70,1
DA:71,1
DA:72,1
DA:80,0
DA:82,1
DA:89,1
DA:91,1
LF:34
LH:29
end_of_record
SF:lib/ui/question_screen.dart
DA:10,2
DA:11,3
DA:12,2
DA:13,2
DA:14,3
DA:15,1
DA:17,0
DA:18,0
DA:19,0
DA:20,0
DA:25,1
DA:26,1
DA:28,0
DA:30,1
DA:32,1
DA:33,1
DA:35,1
DA:36,0
DA:37,0
DA:39,1
DA:40,1
DA:42,0
DA:43,0
DA:47,1
DA:48,1
DA:49,3
DA:50,1
DA:51,2
DA:53,1
DA:54,0
DA:56,1
DA:58,1
DA:60,1
DA:61,1
DA:62,2
DA:77,2
DA:79,1
DA:81,2
DA:83,3
DA:84,1
DA:86,1
DA:87,2
DA:88,2
DA:89,1
DA:91,4
DA:93,1
DA:100,1
DA:101,6
DA:103,3
DA:104,4
DA:105,5
DA:107,3
DA:108,2
DA:110,5
DA:115,1
DA:117,1
DA:118,2
DA:120,1
DA:121,0
DA:122,1
DA:125,1
DA:127,3
DA:128,1
DA:129,1
DA:130,1
DA:135,1
DA:137,2
DA:138,2
DA:141,1
DA:143,1
DA:144,1
DA:145,2
DA:147,1
DA:156,1
DA:159,1
DA:160,0
DA:162,0
DA:163,0
DA:164,0
DA:165,0
DA:168,2
DA:170,2
DA:173,2
DA:174,1
DA:178,0
DA:183,2
DA:184,1
DA:191,0
DA:194,1
LF:89
LH:71
end_of_record
SF:lib/ui/statistics_screen.dart
DA:10,1
DA:12,1
DA:14,2
DA:15,4
DA:17,1
DA:18,1
DA:20,1
DA:21,0
DA:23,1
DA:24,1
DA:26,1
DA:29,2
DA:32,2
DA:41,2
DA:45,1
DA:47,1
DA:48,1
DA:49,1
DA:50,2
DA:52,1
DA:53,3
DA:54,1
DA:57,1
DA:58,10
DA:59,2
DA:60,1
DA:61,1
DA:66,2
DA:67,5
DA:69,1
DA:70,1
DA:71,1
LF:32
LH:31
end_of_record
SF:lib/stats_provider.dart
DA:9,3
DA:11,1
DA:12,4
DA:13,2
DA:14,0
DA:17,2
DA:18,4
DA:19,6
DA:20,2
DA:21,2
DA:23,1
DA:27,1
DA:28,6
DA:29,2
DA:30,8
DA:34,2
DA:35,2
DA:36,3
DA:37,1
DA:41,2
DA:42,1
DA:44,1
DA:46,4
DA:47,1
DA:48,4
DA:49,3
DA:50,1
DA:51,1
DA:54,4
LF:29
LH:28
end_of_record
SF:lib/quiz_api.dart
DA:8,1
DA:9,1
DA:10,1
DA:13,2
DA:14,2
DA:15,2
DA:19,1
DA:20,1
DA:21,2
DA:23,2
DA:24,1
DA:27,1
DA:28,1
DA:29,1
DA:30,1
DA:31,2
DA:34,1
DA:38,2
DA:39,1
LF:19
LH:19
end_of_record
SF:lib/classes/topic.dart
DA:6,1
DA:7,1
DA:8,1
DA:9,1
LF:4
LH:4
end_of_record
SF:lib/classes/question.dart
DA:8,1
DA:9,1
DA:10,1
DA:11,1
DA:12,2
DA:13,1
LF:6
LH:6
end_of_record
